This is pdfTeX, Version 3.141592653-2.6-1.40.29 (MiKTeX 26.5) (preloaded format=pdflatex 2026.6.17)  17 JUN 2026 16:36
entering extended mode
 restricted \write18 enabled.
 %&-line parsing enabled.
**./main.tex
(main.tex
LaTeX2e <2026-06-01>
L3 programming layer <2026-05-26>
(/home/pet/.miktex/texmfs/install/tex/latex/abntex2/abntex2.cls
Document Class: abntex2 2018/11/24 v-1.9.7 abnTeX2
(/home/pet/.miktex/texmfs/install/tex/latex/base/ifthen.sty
Package: ifthen 2024/03/16 v1.1e Standard LaTeX ifthen package (DPC)
)
(/home/pet/.miktex/texmfs/install/tex/latex/memoir/memoir.cls
Document Class: memoir 2025/11/04 v3.8.4b configurable book, report, article do
cument class
(/home/pet/.miktex/texmfs/install/tex/latex/xpatch/xpatch.sty
(/home/pet/.miktex/texmfs/install/tex/latex/l3kernel/expl3.sty
Package: expl3 2026-05-26 L3 programming layer (loader) 

(/home/pet/.miktex/texmfs/install/tex/latex/l3backend-dev/l3backend-pdftex.def
File: l3backend-pdftex.def 2026-02-18 L3 backend support: PDF output (pdfTeX)
\l__color_backend_stack_int=\count276
))
Package: xpatch 2020/03/25 v0.3a Extending etoolbox patching commands
 (/home/pet/.miktex/texmfs/install/tex/latex/l3packages/xparse/xparse.sty
Package: xparse 2025-10-09 L3 Experimental document command parser
)
(/home/pet/.miktex/texmfs/install/tex/latex/etoolbox/etoolbox.sty
Package: etoolbox 2025/10/02 v2.5m e-TeX tools for LaTeX (JAW)
\etb@tempcnta=\count277
))
\onelineskip=\skip49
\lxvchars=\skip50
\xlvchars=\skip51
\@memcnta=\count278
\c@@memmarkcntra=\count279

(/home/pet/.miktex/texmfs/install/tex/generic/iftex/iftex.sty
Package: iftex 2024/12/12 v1.0g TeX engine tests
)
\trimtop=\skip52
\trimedge=\skip53

(/home/pet/.miktex/texmfs/install/tex/latex/memoir/mem12.clo
File: mem12.clo 2022/07/29 v0.5 memoir class 12pt size option
)
\binding=\skip54
\spinemargin=\skip55
\foremargin=\skip56
\uppermargin=\skip57
\lowermargin=\skip58
\headdrop=\skip59
\normalrulethickness=\skip60
\mem@maxheadheight=\skip61
\mem@maxfootheight=\skip62
\headwidth=\skip63
\c@storedpagenumber=\count280
\memPD=\dimen150
\m@mabparskip=\skip64
\thanksmarkwidth=\skip65
\thanksmarksep=\skip66
\droptitle=\skip67
\c@book=\count281
\c@part=\count282
\c@chapter=\count283
\c@section=\count284
\c@subsection=\count285
\c@subsubsection=\count286
\c@paragraph=\count287
\c@subparagraph=\count288
\beforechapskip=\skip68
\midchapskip=\skip69
\afterchapskip=\skip70
\chapindent=\skip71
\bottomsectionskip=\skip72
\secindent=\skip73
\beforesecskip=\skip74
\aftersecskip=\skip75
\subsecindent=\skip76
\beforesubsecskip=\skip77
\aftersubsecskip=\skip78
\subsubsecindent=\skip79
\beforesubsubsecskip=\skip80
\aftersubsubsecskip=\skip81
\paraindent=\skip82
\beforeparaskip=\skip83
\afterparaskip=\skip84
\subparaindent=\skip85
\beforesubparaskip=\skip86
\aftersubparaskip=\skip87
\pfbreakskip=\skip88
\c@@ppsavesec=\count289
\c@@ppsaveapp=\count290
\ragrparindent=\dimen151
\everylistparindent=\dimen152
\parsepi=\skip89
\topsepi=\skip90
\itemsepi=\skip91
\parsepii=\skip92
\topsepii=\skip93
\topsepiii=\skip94
\itemsepii=\skip95
\itemsepiii=\skip96
\partopsepii=\skip97
\partopsepiii=\skip98
\m@msavetopsep=\skip99
\m@msavepartopsep=\skip100
\@enLab=\toks17
\abstitleskip=\skip101
\absleftindent=\skip102
\abs@leftindent=\dimen153
\absrightindent=\skip103
\absparindent=\skip104
\absparsep=\skip105
\c@vslineno=\count291
\c@poemline=\count292
\c@modulo@vs=\count293
\c@memfvsline=\count294
\vleftskip=\skip106
\vrightskip=\skip107
\stanzaskip=\skip108
\versewidth=\skip109
\vgap=\skip110
\vindent=\skip111
\vleftmargin=\dimen154
\c@verse=\count295
\c@chrsinstr=\count296
\beforepoemtitleskip=\skip112
\afterpoemtitleskip=\skip113
\c@poem=\count297
\beforePoemTitleskip=\skip114
\midPoemTitleskip=\skip115
\afterPoemTitleskip=\skip116

(/home/pet/.miktex/texmfs/install/tex/latex/tools/array.sty
Package: array 2026/02/24 v2.7b Tabular extension package (FMi)
\col@sep=\dimen155
\ar@mcellbox=\box53
\extrarowheight=\dimen156
\NC@list=\toks18
\extratabsurround=\skip117
\backup@length=\skip118
\ar@cellbox=\box54
)
(/home/pet/.miktex/texmfs/install/tex/latex/tools/dcolumn.sty
Package: dcolumn 2025/10/21 v1.06 decimal alignment package (DPC)
)
(/home/pet/.miktex/texmfs/install/tex/latex/tools/delarray.sty
Package: delarray 2014/10/28 v1.01 array delimiter package (DPC)
)
(/home/pet/.miktex/texmfs/install/tex/latex/tools/tabularx.sty
Package: tabularx 2023/12/11 v2.12a `tabularx' package (DPC)
\TX@col@width=\dimen157
\TX@old@table=\dimen158
\TX@old@col=\dimen159
\TX@target=\dimen160
\TX@delta=\dimen161
\TX@cols=\count298
\TX@ftn=\toks19
)
(/home/pet/.miktex/texmfs/install/tex/latex/booktabs/booktabs.sty
Package: booktabs 2020/01/12 v1.61803398 Publication quality tables
\heavyrulewidth=\dimen162
\lightrulewidth=\dimen163
\cmidrulewidth=\dimen164
\belowrulesep=\dimen165
\belowbottomsep=\dimen166
\aboverulesep=\dimen167
\abovetopsep=\dimen168
\cmidrulesep=\dimen169
\cmidrulekern=\dimen170
\defaultaddspace=\dimen171
\@cmidla=\count299
\@cmidlb=\count300
\@aboverulesep=\dimen172
\@belowrulesep=\dimen173
\@thisruleclass=\count301
\@lastruleclass=\count302
\@thisrulewidth=\dimen174
)
\ctableftskip=\skip119
\ctabrightskip=\skip120
\abovecolumnspenalty=\count303
\@linestogo=\count304
\@cellstogo=\count305
\@cellsincolumn=\count306
\crtok=\toks20
\@mincolumnwidth=\dimen175
\c@newflo@tctr=\count307
\mem@margin@floatbox=\box55
\@contcwidth=\skip121
\@contindw=\skip122
\abovecaptionskip=\skip123
\belowcaptionskip=\skip124
\subfloattopskip=\skip125
\subfloatcapskip=\skip126
\subfloatcaptopadj=\skip127
\subfloatbottomskip=\skip128
\subfloatlabelskip=\skip129
\subfloatcapmargin=\dimen176
\c@@contsubnum=\count308
\m@mscap@capbox=\box56
\m@mscap@fbox=\box57
\sidecapsep=\dimen177
\sidecapwidth=\dimen178
\m@m@tempdima=\dimen179
\m@mscapraise=\dimen180
\sidecapraise=\dimen181
\m@mscapmainwidth=\dimen182
\m@mscaplkern=\dimen183
\beforeepigraphskip=\skip130
\afterepigraphskip=\skip131
\epigraphwidth=\skip132
\epigraphrule=\skip133

(/home/pet/.miktex/texmfs/install/tex/latex/hyperref/nameref.sty
Package: nameref 2026-01-29 v2.58 Cross-referencing by name of section

(/home/pet/.miktex/texmfs/install/tex/latex/refcount/refcount.sty
Package: refcount 2019/12/15 v3.6 Data extraction from label references (HO)

(/home/pet/.miktex/texmfs/install/tex/generic/ltxcmds/ltxcmds.sty
Package: ltxcmds 2023-12-04 v1.26 LaTeX kernel commands for general use (HO)
)
(/home/pet/.miktex/texmfs/install/tex/generic/infwarerr/infwarerr.sty
Package: infwarerr 2019/12/03 v1.5 Providing info/warning/error messages (HO)
))
(/home/pet/.miktex/texmfs/install/tex/generic/gettitlestring/gettitlestring.sty
Package: gettitlestring 2019/12/15 v1.6 Cleanup title references (HO)
(/home/pet/.miktex/texmfs/install/tex/latex/kvoptions/kvoptions.sty
Package: kvoptions 2022-06-15 v3.15 Key value format for package options (HO)

(/home/pet/.miktex/texmfs/install/tex/latex/graphics/keyval.sty
Package: keyval 2026-05-17 v1.15 key=value parser (DPC)
\KV@toks@=\toks21
)
(/home/pet/.miktex/texmfs/install/tex/latex/kvsetkeys/kvsetkeys.sty
Package: kvsetkeys 2022-10-05 v1.19 Key value parser (HO)
)))
\c@section@level=\count309
)
\tocentryskip=\skip134
\tocbaseline=\skip135
\cftparskip=\skip136
\cftbeforebookskip=\skip137
\cftbookindent=\dimen184
\cftbooknumwidth=\dimen185
\cftbeforepartskip=\skip138
\cftpartindent=\skip139
\cftpartnumwidth=\skip140
\cftbeforechapterskip=\skip141
\cftchapterindent=\skip142
\cftchapternumwidth=\skip143
\cftbeforesectionskip=\skip144
\cftsectionindent=\skip145
\cftsectionnumwidth=\skip146
\cftbeforesubsectionskip=\skip147
\cftsubsectionindent=\skip148
\cftsubsectionnumwidth=\skip149
\cftbeforesubsubsectionskip=\skip150
\cftsubsubsectionindent=\skip151
\cftsubsubsectionnumwidth=\skip152
\cftbeforeparagraphskip=\skip153
\cftparagraphindent=\skip154
\cftparagraphnumwidth=\skip155
\cftbeforesubparagraphskip=\skip156
\cftsubparagraphindent=\skip157
\cftsubparagraphnumwidth=\skip158
\prechapterprecisshift=\dimen186
\c@maxsecnumdepth=\count310
\bibindent=\dimen187
\bibitemsep=\skip159
\indexcolsep=\skip160
\indexrule=\skip161
\indexmarkstyle=\toks22
\@indexbox=\insert252
LaTeX Info: Redefining \raggedbottom on input line 8095.
LaTeX Info: Redefining \flushbottom on input line 8099.
\glossarycolsep=\dimen188
\glossaryrule=\dimen189
\sideparvshift=\skip162
\sideins=\insert251
\sidebartopsep=\skip163
\sidebarhsep=\skip164
\sidebarvsep=\skip165
\sidebarwidth=\skip166
\footmarkwidth=\skip167
\footmarksep=\skip168
\footparindent=\skip169
\footinsdim=\skip170
\footinsv@r=\insert250
\@mpfootinsv@r=\insert249
\m@m@k=\count311
\m@m@h=\dimen190
\m@mipn@skip=\skip171
\sidefootins=\insert248
\sidefootadjust=\skip172
\sidefootheight=\skip173
\sidefoothsep=\skip174
\sidefootvsep=\skip175
\sidefootwidth=\skip176
\m@mdownsf=\skip177
\c@sidefootnote=\count312
\sidefootmarkwidth=\skip178
\sidefootmarksep=\skip179
\sidefootparindent=\skip180
\c@pagenote=\count313
\c@pagenoteshadow=\count314
\mem@pn@lastkern=\skip181

(/home/pet/.miktex/texmfs/install/tex/latex/tools/verbatim.sty
Package: verbatim 2024-01-22 v1.5x LaTeX2e package for verbatim enhancements
\every@verbatim=\toks23
\verbatim@line=\toks24
\verbatim@in@stream=\read2
)
\verbatimindent=\skip182
\verbatim@out=\write3

(/home/pet/.miktex/texmfs/install/tex/latex/base/shortvrb.sty
Package: shortvrb 2026-03-13 v3.0r Standard LaTeX documentation package V3 (FMi
)
)
\bvboxsep=\skip183
\c@memfbvline=\count315
\c@bvlinectr=\count316
\bvnumlength=\skip184
\fb@frw=\dimen191
\fb@frh=\dimen192
\FrameRule=\dimen193
\FrameSep=\dimen194
\c@cp@cntr=\count317
\c@ism@mctr=\count318
\c@xsm@mctr=\count319
\c@csm@mctr=\count320
\c@ksm@mctr=\count321
\c@xksm@mctr=\count322
\c@cksm@mctr=\count323
\c@msm@mctr=\count324
\c@xmsm@mctr=\count325
\c@cmsm@mctr=\count326
\c@bsm@mctr=\count327
\c@workm@mctr=\count328
\c@sheetsequence=\count329
\c@lastsheet=\count330
\c@lastpage=\count331
\c@figure=\count332
\c@lofdepth=\count333
\cftbeforefigureskip=\skip185
\cftfigureindent=\skip186
\cftfigurenumwidth=\skip187
\c@table=\count334
\c@lotdepth=\count335
\cftbeforetableskip=\skip188
\cfttableindent=\skip189
\cfttablenumwidth=\skip190
Package abstract [2008/07/23] emulated by memoir.
Package appendix [2008/07/23] emulated by memoir.
Package ccaption [2008/07/23] emulated by memoir.
Package changepage [2008/07/23] emulated by memoir.
Package chngcntr [2008/07/23] emulated by memoir.
Package chngpage [2008/07/23] emulated by memoir.
Package crop emulated by memoir.
Package enumerate [2008/07/23] emulated by memoir.
Package epigraph [2008/07/23] emulated by memoir.
Package ifmtarg [2008/07/23] emulated by memoir.
Package index [2008/07/23] emulated by memoir.
Package makeidx [2008/07/23] emulated by memoir.
Package moreverb [2008/07/23] emulated by memoir.
Package needspace [2008/07/23] emulated by memoir.
Package newfile [2008/07/23] emulated by memoir.
Package nextpage [2008/07/23] emulated by memoir.
Package pagenote [2008/07/23] emulated by memoir.
Package parskip [2008/07/23] emulated by memoir.
Package patchcmd [2008/07/23] emulated by memoir.
Package setspace [2008/07/23] emulated by memoir.
Package showidx [2008/07/23] emulated by memoir.
Package titleref [2008/07/23] emulated by memoir.
Package titling [2008/07/23] emulated by memoir.
Package tocbibind [2008/07/23] emulated by memoir.
Package tocloft [2008/07/23] emulated by memoir.
Package tocvsec2 [2008/07/23] emulated by memoir.
Package verse [2008/07/23] emulated by memoir.
)
(/home/pet/.miktex/texmfs/install/tex/latex/textcase/textcase.sty
Package: textcase 2025/02/16 v1.05 Text only upper/lower case changing (DPC)
Package textcase Info: Defining Legacy names on input line 20.
)
(/home/pet/.miktex/texmfs/install/tex/latex/hyperref/hyperref.sty
Package: hyperref 2026-04-24 v7.01q Hypertext links for LaTeX

(/home/pet/.miktex/texmfs/install/tex/generic/kvdefinekeys/kvdefinekeys.sty
Package: kvdefinekeys 2019-12-19 v1.6 Define keys (HO)
)
(/home/pet/.miktex/texmfs/install/tex/generic/pdfescape/pdfescape.sty
Package: pdfescape 2019/12/09 v1.15 Implements pdfTeX's escape features (HO)

(/home/pet/.miktex/texmfs/install/tex/generic/pdftexcmds/pdftexcmds.sty
Package: pdftexcmds 2020-06-27 v0.33 Utility functions of pdfTeX for LuaTeX (HO
)
Package pdftexcmds Info: \pdf@primitive is available.
Package pdftexcmds Info: \pdf@ifprimitive is available.
Package pdftexcmds Info: \pdfdraftmode found.
))
(/home/pet/.miktex/texmfs/install/tex/latex/hycolor/hycolor.sty
Package: hycolor 2020-01-27 v1.10 Color options for hyperref/bookmark (HO)
)
(/home/pet/.miktex/texmfs/install/tex/generic/stringenc/stringenc.sty
Package: stringenc 2019/11/29 v1.12 Convert strings between diff. encodings (HO
)
)
\@linkdim=\dimen195
\Hy@linkcounter=\count336
\Hy@pagecounter=\count337

(/home/pet/.miktex/texmfs/install/tex/latex/hyperref/pd1enc.def
File: pd1enc.def 2026-04-24 v7.01q Hyperref: PDFDocEncoding definition (HO)
Now handling font encoding PD1 ...
... no UTF-8 mapping file for font encoding PD1
)
(/home/pet/.miktex/texmfs/install/tex/generic/intcalc/intcalc.sty
Package: intcalc 2019/12/15 v1.3 Expandable calculations with integers (HO)
)
\Hy@SavedSpaceFactor=\count338

(/home/pet/.miktex/texmfs/install/tex/latex/hyperref/puenc.def
File: puenc.def 2026-04-24 v7.01q Hyperref: PDF Unicode definition (HO)
Now handling font encoding PU ...
... no UTF-8 mapping file for font encoding PU
)
Package hyperref Info: Hyper figures OFF on input line 4199.
Package hyperref Info: Link nesting OFF on input line 4204.
Package hyperref Info: Hyper index ON on input line 4207.
Package hyperref Info: Plain pages OFF on input line 4214.
Package hyperref Info: Backreferencing OFF on input line 4219.
Package hyperref Info: Implicit mode ON; LaTeX internals redefined.
Package hyperref Info: Bookmarks ON on input line 4466.
\c@Hy@tempcnt=\count339

(/home/pet/.miktex/texmfs/install/tex/latex/url/url.sty
\Urlmuskip=\muskip17
Package: url 2013/09/16  ver 3.4  Verb mode for urls, etc.
)
LaTeX Info: Redefining \url on input line 4805.
\XeTeXLinkMargin=\dimen196

(/home/pet/.miktex/texmfs/install/tex/generic/bitset/bitset.sty
Package: bitset 2019/12/09 v1.3 Handle bit-vector datatype (HO)

(/home/pet/.miktex/texmfs/install/tex/generic/bigintcalc/bigintcalc.sty
Package: bigintcalc 2019/12/15 v1.5 Expandable calculations on big integers (HO
)
))
\Fld@menulength=\count340
\Field@Width=\dimen197
\Fld@charsize=\dimen198
Package hyperref Info: Hyper figures OFF on input line 6091.
Package hyperref Info: Link nesting OFF on input line 6096.
Package hyperref Info: Hyper index ON on input line 6099.
Package hyperref Info: backreferencing OFF on input line 6106.
Package hyperref Info: Link coloring OFF on input line 6111.
Package hyperref Info: Link coloring with OCG OFF on input line 6116.
Package hyperref Info: PDF/A mode OFF on input line 6121.
\Hy@abspage=\count341
\c@Item=\count342
\c@Hfootnote=\count343
)
Package hyperref Info: Driver (autodetected): hpdftex.

(/home/pet/.miktex/texmfs/install/tex/latex/hyperref/hpdftex.def
File: hpdftex.def 2026-04-24 v7.01q Hyperref driver for pdfTeX
\Fld@listcount=\count344
\c@bookmark@seq@number=\count345

(/home/pet/.miktex/texmfs/install/tex/latex/rerunfilecheck/rerunfilecheck.sty
Package: rerunfilecheck 2025-06-21 v1.11 Rerun checks for auxiliary files (HO)

(/home/pet/.miktex/texmfs/install/tex/generic/uniquecounter/uniquecounter.sty
Package: uniquecounter 2019/12/15 v1.4 Provide unlimited unique counter (HO)
)
Package uniquecounter Info: New unique counter `rerunfilecheck' on input line 2
84.
)
\Hy@SectionHShift=\skip191
) (/home/pet/.miktex/texmfs/install/tex/latex/memoir/memhfixc.sty
Package: memhfixc 2025/09/16 v1.24 hyperref package fixes for memoir class
\c@memhycontfloat=\count346
\c@mem@Hpagenote=\count347
)
(/home/pet/.miktex/texmfs/install/tex/latex/bookmark/bookmark.sty
Package: bookmark 2026-05-21 v1.32 PDF bookmarks (HO)

(/home/pet/.miktex/texmfs/install/tex/latex/bookmark/bkm-pdftex.def
File: bkm-pdftex.def 2026-05-21 v1.32 bookmark driver for pdfTeX (HO)
\BKM@id=\count348
))
(/home/pet/.miktex/texmfs/install/tex/generic/babel/babel.sty
Package: babel 2026/05/20 v26.8 The multilingual framework for LuaLaTeX, pdfLaT
eX and XeLaTeX
\babel@savecnt=\count349
LaTeX Encoding Info:    Redeclaring text command \ij (encoding OT1) on input li
ne 2084.
LaTeX Encoding Info:    Redeclaring text command \IJ (encoding OT1) on input li
ne 2086.
LaTeX Encoding Info:    Redeclaring text command \ij (encoding T1) on input lin
e 2088.
LaTeX Encoding Info:    Redeclaring text command \IJ (encoding T1) on input lin
e 2089.
LaTeX Encoding Info:    Ignoring declaration for text command \ij (encoding ?) 
on input line 2090.
LaTeX Encoding Info:    Ignoring declaration for text command \IJ (encoding ?) 
on input line 2092.
LaTeX Encoding Info:    Ignoring declaration for text command \SS (encoding ?) 
on input line 2117.
\U@D=\dimen199
\l@unhyphenated=\language1

(/home/pet/.miktex/texmfs/install/tex/generic/babel/txtbabel.def)
\bbl@readstream=\read3
\bbl@dirlevel=\count350
Package babel Info: Configuration files are deprecated, as
(babel)             they can break document portability.
(babel)             Reported on input line 4228.

*************************************
* Local config file bblopts.cfg used
*
(/home/pet/.miktex/texmfs/install/tex/latex/arabi/bblopts.cfg
File: bblopts.cfg 2005/09/08 v0.1 add Arabic and Farsi to "declared" options of
 babel
)
(/home/pet/.miktex/texmfs/install/tex/generic/babel/locale/en/babel-english.tex
)
(/home/pet/.miktex/texmfs/install/tex/generic/babel/locale/fr/babel-french.tex)

(/home/pet/.miktex/texmfs/install/tex/generic/babel/locale/es/babel-spanish.tex
)
(/home/pet/.miktex/texmfs/install/tex/generic/babel/locale/pt/babel-brazilian.t
ex)
(/home/pet/.miktex/texmfs/install/tex/generic/babel/locale/invalid/babel-brazil
.tex)
Package babel Info: Importing font and identification data for english
(babel)             from babel-en.ini. Reported on input line 4356.
 (/home/pet/.miktex/texmfs/install/tex/latex/babel-english/english.ldf
Language: english 2017/06/06 v3.3r English support from the babel system
)
Package babel Info: Importing font and identification data for french
(babel)             from babel-fr.ini. Reported on input line 4356.

(/home/pet/.miktex/texmfs/install/tex/generic/babel-french/french.ldf
Language: french 2026-06-06 v4.1a French support from the babel system

(/home/pet/.miktex/texmfs/install/tex/generic/babel-french/french3.ldf
Language: french 2026-06-06 v3.7f French support from the babel system


Package babel Warning: No hyphenation patterns were preloaded for
(babel)                the language 'French' into the format.
(babel)                Please, configure your TeX system to add them and
(babel)                rebuild the format. Now I will use the patterns
(babel)                preloaded for \language=nohyphenation instead on input l
ine 87.

\FB@stdchar=\count351
Package babel Info: Making : an active character on input line 266.
Package babel Info: Making ; an active character on input line 267.
Package babel Info: Making ! an active character on input line 268.
Package babel Info: Making ? an active character on input line 269.
\FBguill@level=\count352
\FBold@everypar=\toks25
\FB@Mht=\dimen256
\mc@charclass=\count353
\mc@charfam=\count354
\mc@charslot=\count355
\std@mcc=\count356
\dec@mcc=\count357
\listindentFB=\dimen257
\descindentFB=\dimen258
\labelwidthFB=\dimen259
\labelfullwidthFB=\dimen260
\FB@pardim=\dimen261
\parindentFFN=\dimen262
\FBfnindent=\dimen263
))
Package babel Info: Importing font and identification data for spanish
(babel)             from babel-es.ini. Reported on input line 4356.
 (/home/pet/.miktex/texmfs/install/tex/latex/babel-spanish/spanish.ldf
Language: spanish.ldf 2021/05/27 v5.0q Spanish support from the babel system


Package babel Warning: No hyphenation patterns were preloaded for
(babel)                the language 'Spanish' into the format.
(babel)                Please, configure your TeX system to add them and
(babel)                rebuild the format. Now I will use the patterns
(babel)                preloaded for \language=nohyphenation instead on input l
ine 51.

\es@quottoks=\toks26
\es@quotdepth=\count358
Package babel Info: Making " an active character on input line 570.
Package babel Info: Making . an active character on input line 675.
Package babel Info: Making < an active character on input line 722.
Package babel Info: Making > an active character on input line 722.
)
Package babel Info: Importing font and identification data for brazilian
(babel)             from babel-pt-BR.ini. Reported on input line 4356.
 (/home/pet/.miktex/texmfs/install/tex/latex/babel-portuges/brazilian.ldf
Language: portuges 2026/01/24 v1.2u Portuguese support from the babel system


Package babel Warning: No hyphenation patterns were preloaded for
(babel)                the language 'Portuguese' into the format.
(babel)                Please, configure your TeX system to add them and
(babel)                rebuild the format. Now I will use the patterns
(babel)                preloaded for \language=nohyphenation instead on input l
ine 42.

)

Package babel Warning: Name 'brazil' is deprecated.
(babel)                Use 'brazilian' instead.
(babel)                Reported on input line 4356.

Package babel Info: Importing font and identification data for brazil
(babel)             from babel-pt-BR.ini. Reported on input line 4356.
(/home/pet/.miktex/texmfs/install/tex/latex/babel-portuges/brazilian.ldf
Language: portuges 2026/01/24 v1.2u Portuguese support from the babel system
))
(/home/pet/.miktex/texmfs/install/tex/latex/carlisle/scalefnt.sty)
(/home/pet/.miktex/texmfs/install/tex/latex/enumitem/enumitem.sty
Package: enumitem 2025/02/06 v3.11 Customized lists
\labelindent=\skip192
\enit@outerparindent=\dimen264
\enit@toks=\toks27
\enit@inbox=\box58
\enit@count@id=\count359
\enitdp@description=\count360
)
(/home/pet/.miktex/texmfs/install/tex/latex/tools/calc.sty
Package: calc 2025/03/01 v4.3b Infix arithmetic (KKT,FJ)
\calc@Acount=\count361
\calc@Bcount=\count362
\calc@Adimen=\dimen265
\calc@Bdimen=\dimen266
\calc@Askip=\skip193
\calc@Bskip=\skip194
LaTeX Info: Redefining \setlength on input line 86.
LaTeX Info: Redefining \addtolength on input line 87.
\calc@Ccount=\count363
\calc@Cskip=\skip195
)

******************************************************
Stock height and width: 845.04684pt by 597.50787pt
Top and edge trims: 0pt and 0pt
Page height and width: 845.04684pt by 597.50787pt
Text height and width: 708pt by 455pt
Spine and edge margins: 85.35826pt and 56.9055pt
Upper and lower margins: 85.35826pt and 51.68858pt
Headheight and headsep: 14.5pt and 19.8738pt
Footskip: 30pt
Columnsep and columnseprule: 10pt and 0pt
Marginparsep and marginparwidth: 7pt and 42.9055pt
Sidecapsep and sidecapwidth: 7pt and 42pt
Sidebarhsep and sidebarwidth: 7pt and 42pt
Sidebarvsep and sidebartopsep: 14.5pt and 0pt
Sidebarheight: 590.14995pt
Sidefoothsep and sidefootwidth: 7pt and 42pt
Sidefootvsep and sidefootheight: 14.5pt and 590.14995pt
******************************************************

\c@abntex@bookmarkcounter=\count364
\cftlastnumwidth=\skip196

Class memoir Warning: \settocpreprocessor is marked deprecated and will be
(memoir)              removed in 2026, the problem it tried to solve 
(memoir)              (see manual, section 9.2.3),
(memoir)              has been fixed in the kernel, and the feature is
(memoir)              no longer needed. on input line 483.

\chapternamenumlength=\skip197
\ABNTEXcitacaorecuo=\skip198
\c@alineasi=\count365
\c@alineasii=\count366
\enitdp@alineas=\count367
\c@subalineasi=\count368
\enitdp@subalineas=\count369
\c@incisosi=\count370
\enitdp@incisos=\count371
\ABNTEXsignwidth=\skip199
\ABNTEXsignthickness=\skip256
\ABNTEXsignskip=\skip257
) (preamble.tex (/home/pet/.miktex/texmfs/install/tex/latex/lm/lmodern.sty
Package: lmodern 2015/05/01 v1.6.1 Latin Modern Fonts
LaTeX Font Info:    Overwriting symbol font `operators' in version `normal'
(Font)                  OT1/cmr/m/n --> OT1/lmr/m/n on input line 22.
LaTeX Font Info:    Overwriting symbol font `letters' in version `normal'
(Font)                  OML/cmm/m/it --> OML/lmm/m/it on input line 23.
LaTeX Font Info:    Overwriting symbol font `symbols' in version `normal'
(Font)                  OMS/cmsy/m/n --> OMS/lmsy/m/n on input line 24.
LaTeX Font Info:    Overwriting symbol font `largesymbols' in version `normal'
(Font)                  OMX/cmex/m/n --> OMX/lmex/m/n on input line 25.
LaTeX Font Info:    Overwriting symbol font `operators' in version `bold'
(Font)                  OT1/cmr/bx/n --> OT1/lmr/bx/n on input line 26.
LaTeX Font Info:    Overwriting symbol font `letters' in version `bold'
(Font)                  OML/cmm/b/it --> OML/lmm/b/it on input line 27.
LaTeX Font Info:    Overwriting symbol font `symbols' in version `bold'
(Font)                  OMS/cmsy/b/n --> OMS/lmsy/b/n on input line 28.
LaTeX Font Info:    Overwriting symbol font `largesymbols' in version `bold'
(Font)                  OMX/cmex/m/n --> OMX/lmex/m/n on input line 29.
LaTeX Font Info:    Overwriting math alphabet `\mathbf' in version `normal'
(Font)                  OT1/cmr/bx/n --> OT1/lmr/bx/n on input line 31.
LaTeX Font Info:    Overwriting math alphabet `\mathsf' in version `normal'
(Font)                  OT1/cmss/m/n --> OT1/lmss/m/n on input line 32.
LaTeX Font Info:    Overwriting math alphabet `\mathit' in version `normal'
(Font)                  OT1/cmr/m/it --> OT1/lmr/m/it on input line 33.
LaTeX Font Info:    Overwriting math alphabet `\mathtt' in version `normal'
(Font)                  OT1/cmtt/m/n --> OT1/lmtt/m/n on input line 34.
LaTeX Font Info:    Overwriting math alphabet `\mathbf' in version `bold'
(Font)                  OT1/cmr/bx/n --> OT1/lmr/bx/n on input line 35.
LaTeX Font Info:    Overwriting math alphabet `\mathsf' in version `bold'
(Font)                  OT1/cmss/bx/n --> OT1/lmss/bx/n on input line 36.
LaTeX Font Info:    Overwriting math alphabet `\mathit' in version `bold'
(Font)                  OT1/cmr/bx/it --> OT1/lmr/bx/it on input line 37.
LaTeX Font Info:    Overwriting math alphabet `\mathtt' in version `bold'
(Font)                  OT1/cmtt/m/n --> OT1/lmtt/m/n on input line 38.
)
(/home/pet/.miktex/texmfs/install/tex/latex/base/fontenc.sty
Package: fontenc 2025/07/18 v2.1d Standard LaTeX package
LaTeX Font Info:    Trying to load font information for T1+lmr on input line 11
6.

(/home/pet/.miktex/texmfs/install/tex/latex/lm/t1lmr.fd
File: t1lmr.fd 2015/05/01 v1.6.1 Font defs for Latin Modern
))
(/home/pet/.miktex/texmfs/install/tex/latex/base/inputenc.sty
Package: inputenc 2024/02/08 v1.3d Input encoding file
\inpenc@prehook=\toks28
\inpenc@posthook=\toks29
)
(/home/pet/.miktex/texmfs/install/tex/latex/tools/indentfirst.sty
Package: indentfirst 2023/07/02 v1.03 Indent first paragraph (DPC)
)
(/home/pet/.miktex/texmfs/install/tex/latex/graphics/color.sty
Package: color 2026-05-17 v1.3f Standard LaTeX Color (DPC)

(/home/pet/.miktex/texmfs/install/tex/latex/graphics-cfg/color.cfg
File: color.cfg 2016/01/02 v1.6 sample color configuration
)
Package color Info: Driver file: pdftex.def on input line 149.

(/home/pet/.miktex/texmfs/install/tex/latex/graphics-def/pdftex.def
File: pdftex.def 2025/09/29 v1.2d Graphics/color driver for pdftex
)
(/home/pet/.miktex/texmfs/install/tex/latex/graphics/mathcolor.ltx))
(/home/pet/.miktex/texmfs/install/tex/latex/graphics/graphicx.sty
Package: graphicx 2026-05-17 v1.2e Enhanced LaTeX Graphics (DPC,SPQR)

(/home/pet/.miktex/texmfs/install/tex/latex/graphics/graphics.sty
Package: graphics 2026-05-17 v1.4h Standard LaTeX Graphics (DPC,SPQR)

(/home/pet/.miktex/texmfs/install/tex/latex/graphics/trig.sty
Package: trig 2023/12/02 v1.11 sin cos tan (DPC)
)
(/home/pet/.miktex/texmfs/install/tex/latex/graphics-cfg/graphics.cfg
File: graphics.cfg 2016/06/04 v1.11 sample graphics configuration
)
Package graphics Info: Driver file: pdftex.def on input line 106.
)
\Gin@req@height=\dimen267
\Gin@req@width=\dimen268
)
(/home/pet/.miktex/texmfs/install/tex/latex/microtype/microtype.sty
Package: microtype 2026/03/01 v3.2d Micro-typographical refinements (RS)
\MT@toks=\toks30
\MT@tempbox=\box59
\MT@count=\count372
LaTeX Info: Redefining \noprotrusionifhmode on input line 1084.
LaTeX Info: Redefining \leftprotrusion on input line 1085.
\MT@prot@toks=\toks31
LaTeX Info: Redefining \rightprotrusion on input line 1104.
LaTeX Info: Redefining \textls on input line 1449.
\MT@outer@kern=\dimen269
LaTeX Info: Redefining \microtypecontext on input line 2053.
LaTeX Info: Redefining \textmicrotypecontext on input line 2070.
\MT@listname@count=\count373

(/home/pet/.miktex/texmfs/install/tex/latex/microtype/microtype-pdftex.def
File: microtype-pdftex.def 2026/03/01 v3.2d Definitions specific to pdftex (RS)

LaTeX Info: Redefining \lsstyle on input line 944.
LaTeX Info: Redefining \lslig on input line 944.
\MT@outer@space=\skip258
)
Package microtype Info: Loading configuration file microtype.cfg.

(/home/pet/.miktex/texmfs/install/tex/latex/microtype/microtype.cfg
File: microtype.cfg 2026/03/01 v3.2d microtype main configuration file (RS)
)
LaTeX Info: Redefining \microtypesetup on input line 3065.
)
(/home/pet/.miktex/texmfs/install/tex/latex/base/latexsym.sty
Package: latexsym 1998/08/17 v2.2e Standard LaTeX package (lasy symbols)
\symlasy=\mathgroup4
LaTeX Font Info:    Overwriting symbol font `lasy' in version `bold'
(Font)                  U/lasy/m/n --> U/lasy/b/n on input line 52.
)
(/home/pet/.miktex/texmfs/install/tex/latex/amsmath/amsmath.sty
Package: amsmath 2026/05/19 v2.18d AMS math features
\@mathmargin=\skip259

For additional information on amsmath, use the `?' option.
(/home/pet/.miktex/texmfs/install/tex/latex/amsmath/amstext.sty
Package: amstext 2024/11/17 v2.01 AMS text

(/home/pet/.miktex/texmfs/install/tex/latex/amsmath/amsgen.sty
File: amsgen.sty 1999/11/30 v2.0 generic functions
\@emptytoks=\toks32
\ex@=\dimen270
))
(/home/pet/.miktex/texmfs/install/tex/latex/amsmath/amsbsy.sty
Package: amsbsy 1999/11/29 v1.2d Bold Symbols
\pmbraise@=\dimen271
)
(/home/pet/.miktex/texmfs/install/tex/latex/amsmath/amsopn.sty
Package: amsopn 2022/04/08 v2.04 operator names
)
\inf@bad=\count374
LaTeX Info: Redefining \frac on input line 233.
\uproot@=\count375
\leftroot@=\count376
LaTeX Info: Redefining \overline on input line 398.
LaTeX Info: Redefining \colon on input line 409.
\classnum@=\count377
\DOTSCASE@=\count378
LaTeX Info: Redefining \ldots on input line 495.
LaTeX Info: Redefining \dots on input line 498.
LaTeX Info: Redefining \cdots on input line 619.
\Mathstrutbox@=\box60
\strutbox@=\box61
LaTeX Info: Redefining \big on input line 721.
LaTeX Info: Redefining \Big on input line 722.
LaTeX Info: Redefining \bigg on input line 723.
LaTeX Info: Redefining \Bigg on input line 724.
\big@size=\dimen272
LaTeX Font Info:    Redeclaring font encoding OML on input line 742.
LaTeX Font Info:    Redeclaring font encoding OMS on input line 743.
\macc@depth=\count379
LaTeX Info: Redefining \bmod on input line 904.
LaTeX Info: Redefining \pmod on input line 909.
LaTeX Info: Redefining \smash on input line 939.
LaTeX Info: Redefining \relbar on input line 969.
LaTeX Info: Redefining \Relbar on input line 970.
\c@MaxMatrixCols=\count380
\dotsspace@=\muskip18
\c@parentequation=\count381
\dspbrk@lvl=\count382
\tag@help=\toks33
\row@=\count383
\column@=\count384
\maxfields@=\count385
\andhelp@=\toks34
\eqnshift@=\dimen273
\alignsep@=\dimen274
\tagshift@=\dimen275
\tagwidth@=\dimen276
\totwidth@=\dimen277
\lineht@=\dimen278
\@envbody=\toks35
\multlinegap=\skip260
\multlinetaggap=\skip261
\mathdisplay@stack=\toks36
LaTeX Info: Redefining \[ on input line 2965.
LaTeX Info: Redefining \] on input line 2966.
)
(/home/pet/.miktex/texmfs/install/tex/latex/amscls/amsthm.sty
Package: amsthm 2020/05/29 v2.20.6
\thm@style=\toks37
\thm@bodyfont=\toks38
\thm@headfont=\toks39
\thm@notefont=\toks40
\thm@headpunct=\toks41
\thm@preskip=\skip262
\thm@postskip=\skip263
\thm@headsep=\skip264
\dth@everypar=\toks42
)
(/home/pet/.miktex/texmfs/install/tex/latex/amsfonts/amssymb.sty
Package: amssymb 2013/01/14 v3.01 AMS font symbols

(/home/pet/.miktex/texmfs/install/tex/latex/amsfonts/amsfonts.sty
Package: amsfonts 2013/01/14 v3.01 Basic AMSFonts support
\symAMSa=\mathgroup5
\symAMSb=\mathgroup6
LaTeX Font Info:    Redeclaring math symbol \hbar on input line 98.
LaTeX Font Info:    Overwriting math alphabet `\mathfrak' in version `bold'
(Font)                  U/euf/m/n --> U/euf/b/n on input line 106.
))
(/home/pet/.miktex/texmfs/install/tex/latex/amsmath/amscd.sty
Package: amscd 2017/04/14 v2.1 AMS Commutative Diagrams
\athelp@=\toks43
\minaw@=\dimen279
\bigaw@=\dimen280
\minCDarrowwidth=\dimen281
)
(/home/pet/.miktex/texmfs/install/tex/latex/tools/bm.sty
Package: bm 2025/10/21 v1.2g Bold Symbol Support (DPC/FMi)
\symboldoperators=\mathgroup7
\symboldletters=\mathgroup8
\symboldsymbols=\mathgroup9
Package bm Info: No bold for \OMX/lmex/m/n, using \pmb.
\symboldlasy=\mathgroup10
Package bm Info: No bold for \U/msa/m/n, using \pmb.
Package bm Info: No bold for \U/msb/m/n, using \pmb.
LaTeX Font Info:    Redeclaring math alphabet \mathbf on input line 149.
)
(/home/pet/.miktex/texmfs/install/tex/latex/here/here.sty)
(/home/pet/.miktex/texmfs/install/tex/latex/float/float.sty
Package: float 2001/11/08 v1.3d Float enhancements (AL)
\c@float@type=\count386
\float@exts=\toks44
\float@box=\box62
\@float@everytoks=\toks45
\@floatcapt=\box63
)
(/home/pet/.miktex/texmfs/install/tex/latex/lipsum/lipsum.sty
(/home/pet/.miktex/texmfs/install/tex/latex/l3packages/l3keys2e/l3keys2e.sty
Package: l3keys2e 2025-10-09 LaTeX2e option processing using LaTeX3 keys
)
Package: lipsum 2021-09-20 v2.7 150 paragraphs of Lorem Ipsum dummy text
\g__lipsum_par_int=\count387
\l__lipsum_a_int=\count388
\l__lipsum_b_int=\count389

(/home/pet/.miktex/texmfs/install/tex/latex/lipsum/lipsum.ltd.tex))
(/home/pet/.miktex/texmfs/install/tex/latex/multirow/multirow.sty
Package: multirow 2024/11/12 v2.9 Span multiple rows of a table
\multirow@colwidth=\skip265
\multirow@cntb=\count390
\multirow@dima=\skip266
\bigstrutjot=\dimen282
)
(/home/pet/.miktex/texmfs/install/tex/latex/siunitx/siunitx.sty
Package: siunitx 2026-05-15 v3.5.5 A comprehensive (SI) units package
\l__siunitx_number_uncert_offset_int=\count391
\l__siunitx_number_exponent_fixed_int=\count392
\l__siunitx_number_min_decimal_int=\count393
\l__siunitx_number_min_integer_int=\count394
\l__siunitx_number_round_precision_int=\count395
\l__siunitx_number_lower_threshold_int=\count396
\l__siunitx_number_upper_threshold_int=\count397
\l__siunitx_number_group_first_int=\count398
\l__siunitx_number_group_size_int=\count399
\l__siunitx_number_group_min_int=\count400
\l__siunitx_number_group_minimum_int=\count401
\l__siunitx_compound_count_int=\count402

(/home/pet/.miktex/texmfs/install/tex/latex/translations/translations.sty
Package: translations 2022/02/05 v1.12 internationalization of LaTeX2e packages
 (CN)
)
\l__siunitx_table_tmp_box=\box64
\l__siunitx_table_tmp_dim=\dimen283
\l__siunitx_table_column_width_dim=\dimen284
\l__siunitx_table_integer_box=\box65
\l__siunitx_table_decimal_box=\box66
\l__siunitx_table_uncert_box=\box67
\l__siunitx_table_before_box=\box68
\l__siunitx_table_after_box=\box69
\l__siunitx_table_before_dim=\dimen285
\l__siunitx_table_carry_dim=\dimen286
\l__siunitx_unit_tmp_int=\count403
\l__siunitx_unit_position_int=\count404
\l__siunitx_unit_total_int=\count405
\l__siunitx_sexagesimal_tmp_dim=\dimen287
\l__siunitx_sexagesimal_marker_box=\box70
\l__siunitx_sexagesimal_unit_box=\box71
)
(/home/pet/.miktex/texmfs/install/tex/latex/hyperref/backref.sty
Package: backref 2025-06-21 v1.45 Bibliographical back referencing
)
(/home/pet/.miktex/texmfs/install/tex/latex/abntex2/abntex2cite.sty
Package: abntex2cite 2018/11/24 v-1.9.7 abnTeX2

(/home/pet/.miktex/texmfs/install/tex/latex/abntex2/abntex2abrev.sty)
\minimumbiblabelwidth=\skip267
\ABCIauxlen=\skip268
\c@ABCIaux=\count406
\c@ABCImax=\count407

(/home/pet/.miktex/texmfs/install/tex/generic/iftex/ifpdf.sty
Package: ifpdf 2019/10/25 v3.4 ifpdf legacy package. Use iftex instead.
)
(/home/pet/.miktex/texmfs/install/tex/generic/iftex/ifxetex.sty
Package: ifxetex 2019/10/25 v0.7 ifxetex legacy package. Use iftex instead.
)
(/home/pet/.miktex/texmfs/install/tex/latex/relsize/relsize.sty
Package: relsize 2013/03/29 ver 4.1
)
\biblabelsep=\skip269
LaTeX Info: Redefining \newblock on input line 591.
LaTeX Info: Redefining \cite on input line 618.
\ABCItoken=\toks46
)
Package color Info: Redefining color blue on input line 39.
Package hyperref Info: Option `colorlinks' set `true' on input line 53.
)
\main@idxfile=\write4
\openout4 = `main.idx'.


Writing index file main.idx 
(main.aux
Package babel Info: 'brazil' activates 'portuges' shorthands.
(babel)             Reported on input line 19.
Package babel Info: 'brazilian' activates 'portuges' shorthands.
(babel)             Reported on input line 20.
 (sections/01-introducao.aux) (sections/02-referencial.aux))
\openout1 = `main.aux'.

LaTeX Font Info:    Checking defaults for OML/cmm/m/it on input line 29.
LaTeX Font Info:    ... okay on input line 29.
LaTeX Font Info:    Checking defaults for OMS/cmsy/m/n on input line 29.
LaTeX Font Info:    ... okay on input line 29.
LaTeX Font Info:    Checking defaults for OT1/cmr/m/n on input line 29.
LaTeX Font Info:    ... okay on input line 29.
LaTeX Font Info:    Checking defaults for T1/cmr/m/n on input line 29.
LaTeX Font Info:    ... okay on input line 29.
LaTeX Font Info:    Checking defaults for TS1/cmr/m/n on input line 29.
LaTeX Font Info:    ... okay on input line 29.
LaTeX Font Info:    Checking defaults for OMX/cmex/m/n on input line 29.
LaTeX Font Info:    ... okay on input line 29.
LaTeX Font Info:    Checking defaults for U/cmr/m/n on input line 29.
LaTeX Font Info:    ... okay on input line 29.
LaTeX Font Info:    Checking defaults for PD1/pdf/m/n on input line 29.
LaTeX Font Info:    ... okay on input line 29.
LaTeX Font Info:    Checking defaults for PU/pdf/m/n on input line 29.
LaTeX Font Info:    ... okay on input line 29.
Package hyperref Info: Link coloring ON on input line 29.
LaTeX Info: Redefining \degres on input line 29.
\myptabbox=\box72
\myptabboxwidth=\skip270

(/home/pet/.miktex/texmfs/install/tex/context/base/mkii/supp-pdf.mkii
[Loading MPS to PDF converter (version 2006.09.02).]
\scratchcounter=\count408
\scratchdimen=\dimen288
\scratchbox=\box73
\nofMPsegments=\count409
\nofMParguments=\count410
\everyMPshowfont=\toks47
\MPscratchCnt=\count411
\MPscratchDim=\dimen289
\MPnumerator=\count412
\makeMPintoPDFobject=\count413
\everyMPtoPDFconversion=\toks48
) (/home/pet/.miktex/texmfs/install/tex/latex/epstopdf-pkg/epstopdf-base.sty
Package: epstopdf-base 2020-01-24 v2.11 Base part for package epstopdf
Package epstopdf-base Info: Redefining graphics rule for `.eps' on input line 4
85.

(/home/pet/.miktex/texmfs/install/tex/latex/00miktex/epstopdf-sys.cfg
File: epstopdf-sys.cfg 2021/03/18 v2.0 Configuration of epstopdf for MiKTeX
))
LaTeX Info: Redefining \microtypecontext on input line 29.
Package microtype Info: Applying patch `item' on input line 29.
Package microtype Info: Applying patch `toc' on input line 29.
Package microtype Info: Applying patch `eqnum' on input line 29.
Package microtype Info: Applying patch `footnote' on input line 29.
Package microtype Info: Applying patch `verbatim' on input line 29.
LaTeX Info: Redefining \microtypesetup on input line 29.
Package microtype Info: Generating PDF output.
Package microtype Info: Character protrusion enabled (level 2).
Package microtype Info: Using default protrusion set `alltext'.
Package microtype Info: Automatic font expansion enabled (level 2),
(microtype)             stretch: 20, shrink: 20, step: 1, non-selected.
Package microtype Info: Using default expansion set `alltext-nott'.
Package microtype Info: Patching command `\showhyphens'.
Package microtype Info: No adjustment of tracking.
Package microtype Info: No adjustment of interword spacing.
Package microtype Info: No adjustment of character kerning.

(/home/pet/.miktex/texmfs/install/tex/latex/microtype/mt-cmr.cfg
File: mt-cmr.cfg 2013/05/19 v2.2 microtype config. file: Computer Modern Roman 
(RS)
)
(/home/pet/.miktex/texmfs/install/tex/latex/translations/dicts/translations-bas
ic-dictionary-brazil.trsl
File: translations-basic-dictionary-brazil.trsl (brazil translation file `trans
lations-basic-dictionary')
)
Package translations Info: loading dictionary `translations-basic-dictionary' f
or `brazil'. on input line 29.

(/home/pet/.miktex/texmfs/install/tex/latex/translations/dicts/translations-bas
ic-dictionary-spanish.trsl
File: translations-basic-dictionary-spanish.trsl (spanish translation file `tra
nslations-basic-dictionary')
)
Package translations Info: loading dictionary `translations-basic-dictionary' f
or `spanish'. on input line 29.

(/home/pet/.miktex/texmfs/install/tex/latex/translations/dicts/translations-bas
ic-dictionary-french.trsl
File: translations-basic-dictionary-french.trsl (french translation file `trans
lations-basic-dictionary')
)
Package translations Info: loading dictionary `translations-basic-dictionary' f
or `french'. on input line 29.

(/home/pet/.miktex/texmfs/install/tex/latex/translations/dicts/translations-bas
ic-dictionary-english.trsl
File: translations-basic-dictionary-english.trsl (english translation file `tra
nslations-basic-dictionary')
)
Package translations Info: loading dictionary `translations-basic-dictionary' f
or `english'. on input line 29.
 (sections/00-pre-textual.tex
LaTeX Font Info:    Trying to load font information for T1+lmss on input line 2
.

(/home/pet/.miktex/texmfs/install/tex/latex/lm/t1lmss.fd
File: t1lmss.fd 2015/05/01 v1.6.1 Font defs for Latin Modern
)
Package microtype Info: Loading generic protrusion settings for font family
(microtype)             `lmss' (encoding: T1).
(microtype)             For optimal results, create family-specific settings.
(microtype)             See the microtype manual for details.
 [1

{/home/pet/.miktex/texmfs/data/fonts/map/pdftex/pdftex.map}{/home/pet/.miktex/t
exmfs/install/fonts/enc/dvips/lm/lm-ec.enc}]
LaTeX Font Info:    Trying to load font information for OT1+lmr on input line 4
.

(/home/pet/.miktex/texmfs/install/tex/latex/lm/ot1lmr.fd
File: ot1lmr.fd 2015/05/01 v1.6.1 Font defs for Latin Modern
)
LaTeX Font Info:    Trying to load font information for OML+lmm on input line 4
.

(/home/pet/.miktex/texmfs/install/tex/latex/lm/omllmm.fd
File: omllmm.fd 2015/05/01 v1.6.1 Font defs for Latin Modern
)
LaTeX Font Info:    Trying to load font information for OMS+lmsy on input line 
4.

(/home/pet/.miktex/texmfs/install/tex/latex/lm/omslmsy.fd
File: omslmsy.fd 2015/05/01 v1.6.1 Font defs for Latin Modern
)
LaTeX Font Info:    Trying to load font information for OMX+lmex on input line 
4.

(/home/pet/.miktex/texmfs/install/tex/latex/lm/omxlmex.fd
File: omxlmex.fd 2015/05/01 v1.6.1 Font defs for Latin Modern
)
LaTeX Font Info:    External font `lmex10' loaded for size
(Font)              <12> on input line 4.
LaTeX Font Info:    External font `lmex10' loaded for size
(Font)              <8> on input line 4.
LaTeX Font Info:    External font `lmex10' loaded for size
(Font)              <6> on input line 4.
LaTeX Font Info:    Trying to load font information for U+lasy on input line 4.


(/home/pet/.miktex/texmfs/install/tex/latex/base/ulasy.fd
File: ulasy.fd 1998/08/17 v2.2e LaTeX symbol font definitions
)
LaTeX Font Info:    Trying to load font information for U+msa on input line 4.

(/home/pet/.miktex/texmfs/install/tex/latex/amsfonts/umsa.fd
File: umsa.fd 2013/01/14 v3.01 AMS symbols A
)
(/home/pet/.miktex/texmfs/install/tex/latex/microtype/mt-msa.cfg
File: mt-msa.cfg 2006/02/04 v1.1 microtype config. file: AMS symbols (a) (RS)
)
LaTeX Font Info:    Trying to load font information for U+msb on input line 4.

(/home/pet/.miktex/texmfs/install/tex/latex/amsfonts/umsb.fd
File: umsb.fd 2013/01/14 v3.01 AMS symbols B
)
(/home/pet/.miktex/texmfs/install/tex/latex/microtype/mt-msb.cfg
File: mt-msb.cfg 2005/06/01 v1.0 microtype config. file: AMS symbols (b) (RS)
)
LaTeX Font Info:    Font shape `U/lasy/b/n' in size <8> not available
(Font)              Font shape `U/lasy/m/n' tried instead on input line 4.
LaTeX Font Info:    Font shape `U/lasy/b/n' in size <6> not available
(Font)              Font shape `U/lasy/m/n' tried instead on input line 4.

pdfTeX warning (ext4): destination with the same identifier (name{page.1}) has 
been already used, duplicate ignored
<to be read again> 
                   \relax 
l.4 
     [1



] (main.lof) [2

] (main.lot) [3

] [4


] (main.toc
LaTeX Font Info:    Font shape `T1/lmss/m/it' in size <10.95> not available
(Font)              Font shape `T1/lmss/m/sl' tried instead on input line 43.
 [5

]
LaTeX Font Info:    Trying to load font information for T1+lmtt on input line 4
9.

(/home/pet/.miktex/texmfs/install/tex/latex/lm/t1lmtt.fd
File: t1lmtt.fd 2015/05/01 v1.6.1 Font defs for Latin Modern
)
Package microtype Info: Loading generic protrusion settings for font family
(microtype)             `lmtt' (encoding: T1).
(microtype)             For optimal results, create family-specific settings.
(microtype)             See the microtype manual for details.
LaTeX Font Info:    External font `lmex10' loaded for size
(Font)              <10> on input line 78.
LaTeX Font Info:    External font `lmex10' loaded for size
(Font)              <7> on input line 78.
LaTeX Font Info:    External font `lmex10' loaded for size
(Font)              <5> on input line 78.
LaTeX Font Info:    Font shape `U/lasy/b/n' in size <7> not available
(Font)              Font shape `U/lasy/m/n' tried instead on input line 78.
LaTeX Font Info:    Font shape `U/lasy/b/n' in size <5> not available
(Font)              Font shape `U/lasy/m/n' tried instead on input line 78.
 [6{/home/pet/.miktex/texmfs/install/fonts/enc/dvips/lm/lm-rm.enc}{/home/pet/.m
iktex/texmfs/install/fonts/enc/dvips/lm/lm-mathit.enc}]
LaTeX Font Info:    External font `lmex10' loaded for size
(Font)              <14.4> on input line 94.
) [7])
\openout2 = `sections/01-introducao.aux'.

 (sections/01-introducao.tex
Cap\'{\i }tulo 1.

LaTeX Warning: Citation `tsay2010' on page 8 undefined on input line 10.


LaTeX Warning: Citation `engle1982' on page 8 undefined on input line 11.


LaTeX Warning: Citation `bollerslev1986' on page 8 undefined on input line 12.


LaTeX Warning: Citation `lopez2018advances' on page 8 undefined on input line 2
2.


LaTeX Warning: Citation `lopez2018advances' on page 8 undefined on input line 4
3.

[8



]
Overfull \hbox (7.15474pt too wide) in paragraph at lines 70--72
[]\T1/lmr/m/n/12 (-20) Ajustar modelos ARMA-GARCH conjuntos sobre ambos os tipo
s de barra, selecionando
 []


LaTeX Warning: Citation `lopez2018advances' on page 9 undefined on input line 8
5.


Overfull \hbox (2.28075pt too wide) in paragraph at lines 82--89
[]\T1/lmr/m/n/12 (-20) A escolha do método de amostragem de dados financeiros é
 uma decisăo metodológica
 []

Package babel Info: 'brazilian' activates 'portuges' shorthands.
(babel)             Reported on input line 102.
[9]) [10]
\openout2 = `sections/02-referencial.aux'.

 (sections/02-referencial.tex
Cap\'{\i }tulo 2.

LaTeX Warning: Reference `sec:cpcv' on page 11 undefined on input line 15.


LaTeX Warning: Reference `sec:metricas' on page 11 undefined on input line 18.


LaTeX Warning: Citation `lopez2018advances' on page 11 undefined on input line 
30.


LaTeX Warning: Citation `lopez2018advances' on page 11 undefined on input line 
43.


Overfull \hbox (0.70296pt too wide) in paragraph at lines 38--44
[]\T1/lmr/m/it/12 (-20) Time bars \T1/lmr/m/n/12 (-20) constituem o método mais
 tradicional de amostragem de dados financeiros,
 []


LaTeX Warning: Citation `lopez2018advances' on page 11 undefined on input line 
64.


Overfull \hbox (21.28468pt too wide) in paragraph at lines 63--65
[]\T1/lmr/m/n/12 (-20) Apesar de amplamente utilizadas, as \T1/lmr/m/it/12 (-20
) time bars \T1/lmr/m/n/12 (-20) apresentam limitaçőes bem documentadas
 []

[11




{/home/pet/.miktex/texmfs/install/fonts/enc/dvips/lm/lm-mathsy.enc}{/home/pet/.
miktex/texmfs/install/fonts/enc/dvips/lm/lm-mathex.enc}]

LaTeX Warning: Citation `lopez2018advances' on page 12 undefined on input line 
89.


LaTeX Warning: Citation `lopez2018advances' on page 12 undefined on input line 
117.


LaTeX Warning: Citation `lopez2018advances' on page 12 undefined on input line 
120.

[12]

LaTeX Warning: Citation `bollerslev1986' on page 13 undefined on input line 148
.


LaTeX Warning: Citation `tsay2010' on page 13 undefined on input line 148.


LaTeX Warning: Citation `box1970' on page 13 undefined on input line 156.

LaTeX Font Info:    Trying to load font information for TS1+lmr on input line 1
72.
(/home/pet/.miktex/texmfs/install/tex/latex/lm/ts1lmr.fd
File: ts1lmr.fd 2015/05/01 v1.6.1 Font defs for Latin Modern
)

LaTeX Warning: Citation `box1970' on page 13 undefined on input line 185.


LaTeX Warning: Citation `akaike1974' on page 13 undefined on input line 192.


LaTeX Warning: Citation `schwarz1978' on page 13 undefined on input line 192.

[13{/home/pet/.miktex/texmfs/install/fonts/enc/dvips/lm/lm-ts1.enc}]

LaTeX Warning: Citation `bollerslev1986' on page 14 undefined on input line 208
.


LaTeX Warning: Citation `engle1982' on page 14 undefined on input line 209.


LaTeX Warning: Citation `bollerslev1986' on page 14 undefined on input line 230
.


LaTeX Warning: Citation `tsay2010' on page 14 undefined on input line 230.


LaTeX Warning: Citation `bollerslev1992' on page 14 undefined on input line 254
.


Overfull \hbox (4.08733pt too wide) in paragraph at lines 250--255
[]\T1/lmr/m/n/12 (-20) Na prática, a equaçăo da média e a equaçăo da variância 
săo estimadas conjuntamente
 []

[14]

LaTeX Warning: Citation `tsay2010' on page 15 undefined on input line 291.


LaTeX Warning: Citation `engle1982' on page 15 undefined on input line 302.


LaTeX Warning: Citation `andersen2003' on page 15 undefined on input line 326.


LaTeX Warning: Citation `andersen2003' on page 15 undefined on input line 349.

[15]

LaTeX Warning: Citation `zhang2005' on page 16 undefined on input line 357.


LaTeX Warning: Citation `zhang2005' on page 16 undefined on input line 365.


Overfull \hbox (1.67702pt too wide) in paragraph at lines 364--370
\T1/lmr/m/n/12 (-20) propuseram o estimador \T1/lmr/bx/n/12 (-20) Two-Scale Rea
lized Volatility \T1/lmr/m/n/12 (-20) (TSRV), que combina estimativas
 []

<../images/TSRV_Ilustration.jpg, id=324, 1027.84pt x 561.09625pt>
File: ../images/TSRV_Ilustration.jpg Graphic file (type jpg)
<use ../images/TSRV_Ilustration.jpg>
Package pdftex.def Info: ../images/TSRV_Ilustration.jpg  used on input line 402
.
(pdftex.def)             Requested size: 432.24861pt x 235.96703pt.
[16]

LaTeX Warning: Citation `zhang2005' on page 17 undefined on input line 409.


Overfull \hbox (1.03395pt too wide) in paragraph at lines 433--433
[]\T1/lmss/m/n/17.28 (-20) VALIDAÇĂO CRUZADA COMBINATÓRIA PURGADA (CPCV) 
 []


LaTeX Warning: Citation `lopez2018advances' on page 17 undefined on input line 
443.

[17
pdfTeX warning (ext4): destination with the same identifier (name{figure.2.1}) 
has been already used, duplicate ignored
<argument> ...shipout:D \box_use:N \l_shipout_box 
                                                  \__shipout_drop_firstpage_...
l.445 A
        ValidaĂ§ĂŁo Cruzada CombinatĂłria Purgada (\emph{Combinatorial Purged <
../images/TSRV_Ilustration.jpg>]

LaTeX Warning: Citation `lopez2018advances' on page 18 undefined on input line 
447.


Overfull \hbox (5.13336pt too wide) in paragraph at lines 445--450
[]\T1/lmr/m/n/12 (-20) A Validaçăo Cruzada Combinatória Purgada (\T1/lmr/m/it/1
2 (-20) Combinatorial Purged Cross-Validation
 []


Overfull \hbox (2.64063pt too wide) in paragraph at lines 474--479
[]\T1/lmr/bx/n/12 (-20) Embargo\T1/lmr/m/n/12 (-20) : adicionalmente, remove-se
 do conjunto de treino um número de observaçőes
 []


LaTeX Warning: Citation `lopez2018advances' on page 18 undefined on input line 
489.


Overfull \hbox (23.1323pt too wide) in paragraph at lines 502--502
[]\T1/lmss/m/n/17.28 (-20) MÉTRICAS DE AVALIAÇĂO DE PREVISŐES DE VOLATILIDADE 
 []


LaTeX Warning: Citation `patton2011' on page 18 undefined on input line 508.

[18]

LaTeX Warning: Citation `patton2011' on page 19 undefined on input line 539.


LaTeX Warning: Citation `patton2011' on page 19 undefined on input line 558.


Overfull \hbox (36.81253pt too wide) in paragraph at lines 567--573
\T1/lmr/m/n/12 (-20) A QLIKE é especialmente relevante porque seu \T1/lmr/m/it/
12 (-20) ranking \T1/lmr/m/n/12 (-20) de modelos é preservado independentemente

 []


LaTeX Warning: Citation `mincer1969' on page 19 undefined on input line 579.

[19]
Overfull \hbox (12.52054pt too wide) in paragraph at lines 603--608
\T1/lmr/m/n/12 (-20) como medida de poder preditivo. Um $\OML/lmm/m/it/12 R[]$ 
\T1/lmr/m/n/12 (-20) elevado indica que o modelo captura satisfatoriamente
 []


LaTeX Warning: Citation `diebold1995' on page 20 undefined on input line 614.


LaTeX Warning: Citation `efron1993' on page 20 undefined on input line 649.

[20])
Overfull \hbox (4.23798pt too wide) in paragraph at lines 670--41
\T1/lmr/m/n/12 (-20) normal neste contexto, pois as perdas de previsăo de volat
ilidade săo tipicamente assimétricas
 []

[21]
\openout2 = `sections/03-metodologia.aux'.

 (sections/03-metodologia.tex
Cap\'{\i }tulo 3.

LaTeX Warning: Reference `sec:met_dados' on page 22 undefined on input line 12.



LaTeX Warning: Reference `sec:met_exploratoria' on page 22 undefined on input l
ine 13.


LaTeX Warning: Reference `sec:met_retornos' on page 22 undefined on input line 
14.


LaTeX Warning: Reference `sec:met_split' on page 22 undefined on input line 15.



LaTeX Warning: Reference `sec:met_cpcv' on page 22 undefined on input line 16.


LaTeX Warning: Reference `sec:met_estimacao' on page 22 undefined on input line
 17.


LaTeX Warning: Reference `sec:met_agregacao' on page 22 undefined on input line
 18.


LaTeX Warning: Reference `sec:met_metricas' on page 22 undefined on input line 
19.


LaTeX Warning: Reference `sec:met_implementacao' on page 22 undefined on input 
line 20.


Overfull \hbox (28.79544pt too wide) in paragraph at lines 48--48
[]\T1/lmss/m/n/14.4 (-20) COLETA E PRÉ-PROCESSAMENTO DOS DADOS DE ALTA FREQUĘNC
IA 
 []

[22




]
LaTeX Font Info:    Font shape `T1/lmss/m/it' in size <12> not available
(Font)              Font shape `T1/lmss/m/sl' tried instead on input line 56.

Overfull \hbox (0.84799pt too wide) in paragraph at lines 84--85
\T1/lmr/m/n/12 (-20) propriedades estatísticas --- média, variância, percentis 
e perfil intradiário --- săo acumuladas
 []

[23]

LaTeX Warning: Citation `andersen2003' on page 24 undefined on input line 96.


LaTeX Warning: Citation `zhang2005' on page 24 undefined on input line 111.

[24]
Overfull \hbox (8.49931pt too wide) in paragraph at lines 135--138
\OT1/lmr/m/n/12 (-20) ([]\OML/lmm/m/it/12 =n\OT1/lmr/m/n/12 (-20) ) [][]$ \T1/l
mr/m/n/12 (-20) estima a contribuiçăo do ruído ŕ RV na escala completa, que é p
roporcional
 []


LaTeX Warning: Citation `zhang2005' on page 25 undefined on input line 140.


Overfull \hbox (7.48315pt too wide) in paragraph at lines 161--162
\T1/lmr/m/n/12 (-20) arquivo Parquet via filtros aplicados diretamente no disco
 (\T1/lmtt/m/n/12 pyarrow.parquet.read_parquet
 []


Overfull \hbox (21.75583pt too wide) in paragraph at lines 161--162
\T1/lmtt/m/n/12 Price \T1/lmr/m/n/12 (-20) e \T1/lmtt/m/n/12 Qty \T1/lmr/m/n/12
 (-20) referentes a um único dia de negociaçăo. Para cada dia, a funçăo \T1/lmt
t/m/n/12 compute_daily_rv
 []

[25]

LaTeX Warning: Citation `lopez2018advances' on page 26 undefined on input line 
208.


LaTeX Warning: Reference `cap:resultados' on page 26 undefined on input line 21
0.

[26]
Overfull \hbox (83.19017pt too wide) in paragraph at lines 213--213
[]\T1/lmss/m/n/14.4 (-20) TESTES DE NORMALIDADE, ESTACIONARIEDADE E HETEROSCEDA
STICIDADE 
 []


LaTeX Warning: Citation `tsay2010' on page 27 undefined on input line 226.


LaTeX Warning: Reference `cap:resultados' on page 27 undefined on input line 24
6.

[27]

LaTeX Warning: Reference `tab:split' on page 28 undefined on input line 278.


LaTeX Warning: Reference `sec:met_cpcv' on page 28 undefined on input line 309.



LaTeX Warning: Reference `sec:cpcv' on page 28 undefined on input line 321.


Overfull \hbox (13.75781pt too wide) in paragraph at lines 318--323
\T1/lmr/m/n/12 (-20) Combinatória Purgada (CPCV), descrito na []. Este procedim
ento foi aplicado exclusivamente
 []

[28
pdfTeX warning (ext4): destination with the same identifier (name{table.3.1}) h
as been already used, duplicate ignored
<argument> ...shipout:D \box_use:N \l_shipout_box 
                                                  \__shipout_drop_firstpage_...
l.332     \item \textbf
                       {NĂşmero de grupos}: $N = 10$ (o conjunto de treino Ă©]

LaTeX Warning: Reference `subsec:cpcv_formulacao' on page 29 undefined on input
 line 346.


LaTeX Warning: Reference `cap:resultados' on page 29 undefined on input line 38
0.


LaTeX Warning: Reference `cap:resultados' on page 29 undefined on input line 39
1.

[29]

LaTeX Warning: Reference `sec:met_split' on page 30 undefined on input line 429
.


LaTeX Warning: Reference `sec:metricas' on page 30 undefined on input line 442.



LaTeX Warning: Reference `eq:mse' on page 30 undefined on input line 450.


LaTeX Warning: Reference `eq:mae' on page 30 undefined on input line 451.


LaTeX Warning: Reference `eq:qlike' on page 30 undefined on input line 451.

[30]

LaTeX Warning: Reference `eq:mz' on page 31 undefined on input line 455.


LaTeX Warning: Reference `cap:resultados' on page 31 undefined on input line 46
0.


LaTeX Warning: Reference `subsec:diebold_mariano' on page 31 undefined on input
 line 468.


LaTeX Warning: Reference `cap:resultados' on page 31 undefined on input line 47
3.


LaTeX Warning: Reference `subsec:bootstrap_ic' on page 31 undefined on input li
ne 482.


LaTeX Warning: Reference `cap:resultados' on page 31 undefined on input line 48
4.

) [31]
\openout2 = `sections/04-resultados.aux'.

 (sections/04-resultados.tex
Cap\'{\i }tulo 4.

Overfull \hbox (20.23729pt too wide) in paragraph at lines 10--10
[]\T1/lmss/m/n/17.28 (-20) PROPRIEDADES ESTATÍSTICAS COMPARATIVAS DAS SÉRIES 
 []


LaTeX Warning: Reference `tab:descritivas' on page 32 undefined on input line 1
4.


Overfull \hbox (1.13072pt too wide) in paragraph at lines 13--17
[]\T1/lmr/m/n/12 (-20) A análise exploratória das séries de retornos logarítmic
os revela diferenças estruturais
 []


LaTeX Warning: Citation `lopez2018advances' on page 32 undefined on input line 
44.

[32





pdfTeX warning (ext4): destination with the same identifier (name{table.4.2}) h
as been already used, duplicate ignored
<argument> ...shipout:D \box_use:N \l_shipout_box 
                                                  \__shipout_drop_firstpage_...
l.83 
     ]
<../analise_inicial/graficos/Dollar_Bars_5m_normalidade.png, id=443, 1011.78pt 
x 361.35pt>
File: ../analise_inicial/graficos/Dollar_Bars_5m_normalidade.png Graphic file (
type png)
<use ../analise_inicial/graficos/Dollar_Bars_5m_normalidade.png>
Package pdftex.def Info: ../analise_inicial/graficos/Dollar_Bars_5m_normalidade
.png  used on input line 86.
(pdftex.def)             Requested size: 432.24861pt x 154.37396pt.
<../analise_inicial/graficos/Time_Bars_5m_normalidade.png, id=445, 1011.78pt x 
361.35pt>
File: ../analise_inicial/graficos/Time_Bars_5m_normalidade.png Graphic file (ty
pe png)
<use ../analise_inicial/graficos/Time_Bars_5m_normalidade.png>
Package pdftex.def Info: ../analise_inicial/graficos/Time_Bars_5m_normalidade.p
ng  used on input line 93.
(pdftex.def)             Requested size: 432.24861pt x 154.37396pt.
<../analise_inicial/graficos/Dollar_Bars_5m_acf_pacf_retornos2.png, id=446, 101
1.78pt x 361.35pt>
File: ../analise_inicial/graficos/Dollar_Bars_5m_acf_pacf_retornos2.png Graphic
 file (type png)
<use ../analise_inicial/graficos/Dollar_Bars_5m_acf_pacf_retornos2.png>
Package pdftex.def Info: ../analise_inicial/graficos/Dollar_Bars_5m_acf_pacf_re
tornos2.png  used on input line 100.
(pdftex.def)             Requested size: 432.24861pt x 154.37396pt.
 [33
pdfTeX warning (ext4): destination with the same identifier (name{table.4.3}) h
as been already used, duplicate ignored
<argument> ...shipout:D \box_use:N \l_shipout_box 
                                                  \__shipout_drop_firstpage_...
l.104 
      
pdfTeX warning (ext4): destination with the same identifier (name{figure.4.2}) 
has been already used, duplicate ignored
<argument> ...shipout:D \box_use:N \l_shipout_box 
                                                  \__shipout_drop_firstpage_...
l.104 
      
pdfTeX warning (ext4): destination with the same identifier (name{figure.4.3}) 
has been already used, duplicate ignored
<argument> ...shipout:D \box_use:N \l_shipout_box 
                                                  \__shipout_drop_firstpage_...
l.104 
       <../analise_inicial/graficos/Dollar_Bars_5m_normalidade.png> <../analise
_inicial/graficos/Time_Bars_5m_normalidade.png>]
<../analise_inicial/graficos/Time_Bars_5m_acf_pacf_retornos2.png, id=457, 1011.
78pt x 361.35pt>
File: ../analise_inicial/graficos/Time_Bars_5m_acf_pacf_retornos2.png Graphic f
ile (type png)
<use ../analise_inicial/graficos/Time_Bars_5m_acf_pacf_retornos2.png>
Package pdftex.def Info: ../analise_inicial/graficos/Time_Bars_5m_acf_pacf_reto
rnos2.png  used on input line 107.
(pdftex.def)             Requested size: 432.24861pt x 154.37396pt.


LaTeX Warning: Reference `tab:testes' on page 34 undefined on input line 112.


LaTeX Warning: Citation `lopez2018advances' on page 34 undefined on input line 
126.

[34
pdfTeX warning (ext4): destination with the same identifier (name{figure.4.4}) 
has been already used, duplicate ignored
<argument> ...shipout:D \box_use:N \l_shipout_box 
                                                  \__shipout_drop_firstpage_...
l.131 
      
pdfTeX warning (ext4): destination with the same identifier (name{figure.4.5}) 
has been already used, duplicate ignored
<argument> ...shipout:D \box_use:N \l_shipout_box 
                                                  \__shipout_drop_firstpage_...
l.131 
       <../analise_inicial/graficos/Dollar_Bars_5m_acf_pacf_retornos2.png> <../
analise_inicial/graficos/Time_Bars_5m_acf_pacf_retornos2.png>]
<../modelagem/resultados_s1/comparacao_modelos/cpcv_01_aic_por_fold.png, id=466
, 1004.7939pt x 353.8821pt>
File: ../modelagem/resultados_s1/comparacao_modelos/cpcv_01_aic_por_fold.png Gr
aphic file (type png)
<use ../modelagem/resultados_s1/comparacao_modelos/cpcv_01_aic_por_fold.png>
Package pdftex.def Info: ../modelagem/resultados_s1/comparacao_modelos/cpcv_01_
aic_por_fold.png  used on input line 161.
(pdftex.def)             Requested size: 432.24861pt x 152.23651pt.
 [35
pdfTeX warning (ext4): destination with the same identifier (name{table.4.4}) h
as been already used, duplicate ignored
<argument> ...shipout:D \box_use:N \l_shipout_box 
                                                  \__shipout_drop_firstpage_...
l.184 
      
pdfTeX warning (ext4): destination with the same identifier (name{figure.4.6}) 
has been already used, duplicate ignored
<argument> ...shipout:D \box_use:N \l_shipout_box 
                                                  \__shipout_drop_firstpage_...
l.184 
       <../modelagem/resultados_s1/comparacao_modelos/cpcv_01_aic_por_fold.png>
]

LaTeX Warning: Citation `diebold2015' on page 36 undefined on input line 205.


LaTeX Warning: Reference `tab:modelo_final' on page 36 undefined on input line 
208.

[36
pdfTeX warning (ext4): destination with the same identifier (name{table.4.5}) h
as been already used, duplicate ignored
<argument> ...shipout:D \box_use:N \l_shipout_box 
                                                  \__shipout_drop_firstpage_...
l.236 
      ]

LaTeX Warning: Reference `tab:metricas' on page 37 undefined on input line 260.



LaTeX Warning: Citation `patton2011' on page 37 undefined on input line 269.


LaTeX Warning: Citation `mincer1969' on page 37 undefined on input line 281.

[37
pdfTeX warning (ext4): destination with the same identifier (name{table.4.6}) h
as been already used, duplicate ignored
<argument> ...shipout:D \box_use:N \l_shipout_box 
                                                  \__shipout_drop_firstpage_...
l.287 
      ]

LaTeX Warning: Citation `andersen2003' on page 38 undefined on input line 293.


Overfull \hbox (1.43178pt too wide) in paragraph at lines 288--294
[]\T1/lmr/m/n/12 (-20) O modelo baseado em dollar bars explica, portanto, 66,7%
 da variaçăo da volatilidade
 []


LaTeX Warning: Citation `diebold1995' on page 38 undefined on input line 310.


Overfull \hbox (18.03569pt too wide) in paragraph at lines 314--319
\T1/lmr/m/n/12 (-20) DM confirma que o modelo estimado com dollar bars apresent
a perdas (MSE) significativamente
 []

[38]

LaTeX Warning: Reference `tab:bootstrap' on page 39 undefined on input line 356
.


LaTeX Warning: Citation `patton2011' on page 39 undefined on input line 377.

[39
pdfTeX warning (ext4): destination with the same identifier (name{table.4.7}) h
as been already used, duplicate ignored
<argument> ...shipout:D \box_use:N \l_shipout_box 
                                                  \__shipout_drop_firstpage_...
l.386 
      ]

Package hyperref Warning: Token not allowed in a PDF string (Unicode):
(hyperref)                removing `math shift' on input line 409.


Package hyperref Warning: Token not allowed in a PDF string (Unicode):
(hyperref)                removing `\bool_gset_true:N' on input line 409.


Package hyperref Warning: Token not allowed in a PDF string (Unicode):
(hyperref)                removing `\g__siunitx_unit_warning_\bar_bool' on inpu
t line 409.


Package hyperref Warning: Token not allowed in a PDF string (Unicode):
(hyperref)                removing `\msg_warning:nnnn' on input line 409.


Package hyperref Warning: Token not allowed in a PDF string (Unicode):
(hyperref)                removing `math shift' on input line 409.

[40]) [41]
\openout2 = `sections/05-conclusao.aux'.

 (sections/05-conclusao.tex
Cap\'{\i }tulo 5.

LaTeX Warning: Citation `Prado2018' on page 42 undefined on input line 21.


LaTeX Warning: Citation `ZhangMyklandAit2005' on page 42 undefined on input lin
e 30.

[42




]

LaTeX Warning: Citation `Prado2018' on page 43 undefined on input line 80.


LaTeX Warning: Citation `patton2011' on page 43 undefined on input line 86.

[43]

LaTeX Warning: Citation `Prado2018' on page 44 undefined on input line 109.


Overfull \hbox (6.8135pt too wide) in paragraph at lines 105--111
[]\T1/lmr/m/n/12 (-20) A segunda contribuiçăo é empírica. O presente trabalho o
ferece a primeira comparaçăo
 []

[44]

LaTeX Warning: Citation `Prado2018' on page 45 undefined on input line 148.


LaTeX Warning: Citation `Nelson1991' on page 45 undefined on input line 156.


LaTeX Warning: Citation `GlostenJagannathanRunkle1993' on page 45 undefined on 
input line 156.

) [45] (main.bbl (main.brf)
\tf@brf=\write5
\openout5 = `main.brf'.


bibitemlist
) [46



]

Package hyperref Warning: Token not allowed in a PDF string (Unicode):
(hyperref)                removing `\uppercase' on input line 53.

[47


]
\openout2 = `sections/apendice_a.aux'.


No file sections/apendice_a.tex.
\tf@lof=\write6
\openout6 = `main.lof'.

\tf@lot=\write7
\openout7 = `main.lot'.

\tf@toc=\write8
\openout8 = `main.toc'.

(main.aux (sections/01-introducao.aux) (sections/02-referencial.aux)
(sections/03-metodologia.aux) (sections/04-resultados.aux)
(sections/05-conclusao.aux) (sections/apendice_a.aux))
 ***********
LaTeX2e <2026-06-01>
L3 programming layer <2020/03/25>
 ***********


LaTeX Warning: There were undefined references.


LaTeX Warning: Label(s) may have changed. Rerun to get cross-references right.


Package rerunfilecheck Warning: File `main.brf' has changed.
(rerunfilecheck)                Rerun to get bibliographical references right.

Package rerunfilecheck Info: Checksums for `main.brf':
(rerunfilecheck)             Before: CCAB54B9D7DEEF407E3B1C464B0FCB7D;3304
(rerunfilecheck)             After:  363FBB411F148FFD6FC18F6B80A6183F;3185.
 ) 
Here is how much of TeX's memory you used:
 26953 strings out of 469446
 533830 string characters out of 5460994
 1028063 words of memory out of 5000000
 54883 multiletter control sequences out of 15000+600000
 765920 words of font info for 313 fonts, out of 8000000 for 9000
 0 hyphenation exceptions out of 8191
 99i,13n,107p,1003b,1298s stack positions out of 10000i,1000n,20000p,200000b,200000s

pdfTeX warning (dest): name{subsection.3.5.3} has been referenced but does not 
exist, replaced by a fixed one


pdfTeX warning (dest): name{table.3.7} has been referenced but does not exist, 
replaced by a fixed one


pdfTeX warning (dest): name{table.3.6} has been referenced but does not exist, 
replaced by a fixed one


pdfTeX warning (dest): name{table.3.5} has been referenced but does not exist, 
replaced by a fixed one


pdfTeX warning (dest): name{table.3.4} has been referenced but does not exist, 
replaced by a fixed one


pdfTeX warning (dest): name{table.3.3} has been referenced but does not exist, 
replaced by a fixed one


pdfTeX warning (dest): name{table.3.2} has been referenced but does not exist, 
replaced by a fixed one


pdfTeX warning (dest): name{figure.3.6} has been referenced but does not exist,
 replaced by a fixed one


pdfTeX warning (dest): name{figure.3.5} has been referenced but does not exist,
 replaced by a fixed one


pdfTeX warning (dest): name{figure.3.4} has been referenced but does not exist,
 replaced by a fixed one


pdfTeX warning (dest): name{figure.3.3} has been referenced but does not exist,
 replaced by a fixed one


pdfTeX warning (dest): name{figure.3.2} has been referenced but does not exist,
 replaced by a fixed one

</home/pet/.miktex/texmfs/install/fonts/type1/public/lm/lmbx12.pfb></home/pet/.
miktex/texmfs/install/fonts/type1/public/lm/lmbxi10.pfb></home/pet/.miktex/texm
fs/install/fonts/type1/public/lm/lmex10.pfb></home/pet/.miktex/texmfs/install/f
onts/type1/public/lm/lmmi10.pfb></home/pet/.miktex/texmfs/install/fonts/type1/p
ublic/lm/lmmi12.pfb></home/pet/.miktex/texmfs/install/fonts/type1/public/lm/lmm
i6.pfb></home/pet/.miktex/texmfs/install/fonts/type1/public/lm/lmmi8.pfb></home
/pet/.miktex/texmfs/install/fonts/type1/public/lm/lmmib10.pfb></home/pet/.mikte
x/texmfs/install/fonts/type1/public/lm/lmr10.pfb></home/pet/.miktex/texmfs/inst
all/fonts/type1/public/lm/lmr12.pfb></home/pet/.miktex/texmfs/install/fonts/typ
e1/public/lm/lmr6.pfb></home/pet/.miktex/texmfs/install/fonts/type1/public/lm/l
mr7.pfb></home/pet/.miktex/texmfs/install/fonts/type1/public/lm/lmr8.pfb></home
/pet/.miktex/texmfs/install/fonts/type1/public/lm/lmri10.pfb></home/pet/.miktex
/texmfs/install/fonts/type1/public/lm/lmri12.pfb></home/pet/.miktex/texmfs/inst
all/fonts/type1/public/lm/lmss10.pfb></home/pet/.miktex/texmfs/install/fonts/ty
pe1/public/lm/lmss12.pfb></home/pet/.miktex/texmfs/install/fonts/type1/public/l
m/lmss17.pfb></home/pet/.miktex/texmfs/install/fonts/type1/public/lm/lmssbx10.p
fb></home/pet/.miktex/texmfs/install/fonts/type1/public/lm/lmsso10.pfb></home/p
et/.miktex/texmfs/install/fonts/type1/public/lm/lmsso12.pfb></home/pet/.miktex/
texmfs/install/fonts/type1/public/lm/lmsy10.pfb></home/pet/.miktex/texmfs/insta
ll/fonts/type1/public/lm/lmsy6.pfb></home/pet/.miktex/texmfs/install/fonts/type
1/public/lm/lmsy8.pfb></home/pet/.miktex/texmfs/install/fonts/type1/public/lm/l
mtt10.pfb></home/pet/.miktex/texmfs/install/fonts/type1/public/lm/lmtt12.pfb></
home/pet/.miktex/texmfs/install/fonts/type1/public/amsfonts/symbols/msbm10.pfb>
Output written on main.pdf (48 pages, 1574809 bytes).
PDF statistics:
 1012 PDF objects out of 1200 (max. 8388607)
 249 named destinations out of 1000 (max. 500000)
 75431 words of extra memory for PDF output out of 89155 (max. 10000000)

